
> react-typescript-starter@0.1.0 test
> react-scripts test --coverage

Browserslist: caniuse-lite is outdated. Please run:
  npx browserslist@latest --update-db
  Why you should do it regularly: https://github.com/browserslist/browserslist#browsers-data-updating
Browserslist: caniuse-lite is outdated. Please run:
  npx browserslist@latest --update-db
  Why you should do it regularly: https://github.com/browserslist/browserslist#browsers-data-updating
Browserslist: caniuse-lite is outdated. Please run:
  npx browserslist@latest --update-db
  Why you should do it regularly: https://github.com/browserslist/browserslist#browsers-data-updating
PASS src/objects.test.ts
PASS src/arrays.test.ts
PASS src/nested.test.ts
PASS src/functions.test.ts
PASS src/components/StartAttempt.test.tsx
PASS src/components/TwoDice.test.tsx
PASS src/components/ChangeType.test.tsx
PASS src/components/CycleHoliday.test.tsx
PASS src/components/Counter.test.tsx
PASS src/components/RevealAnswer.test.tsx
PASS src/App.test.tsx
-------------------|---------|----------|---------|---------|-------------------
File               | % Stmts | % Branch | % Funcs | % Lines | Uncovered Line #s 
-------------------|---------|----------|---------|---------|-------------------
All files          |   98.92 |    96.05 |     100 |   98.89 |                   
 src               |   98.68 |    94.82 |     100 |   98.63 |                   
  App.tsx          |     100 |      100 |     100 |     100 |                   
  arrays.ts        |     100 |    95.23 |     100 |     100 | 89                
  functions.ts     |     100 |      100 |     100 |     100 |                   
  nested.ts        |   98.36 |    94.73 |     100 |    98.3 | 214               
  objects.ts       |   96.42 |     87.5 |     100 |   96.42 | 50                
 src/components    |     100 |      100 |     100 |     100 |                   
  ChangeType.tsx   |     100 |      100 |     100 |     100 |                   
  Counter.tsx      |     100 |      100 |     100 |     100 |                   
  CycleHoliday.tsx |     100 |      100 |     100 |     100 |                   
  RevealAnswer.tsx |     100 |      100 |     100 |     100 |                   
  StartAttempt.tsx |     100 |      100 |     100 |     100 |                   
  TwoDice.tsx      |     100 |      100 |     100 |     100 |                   
 src/interfaces    |       0 |        0 |       0 |       0 |                   
  answer.ts        |       0 |        0 |       0 |       0 |                   
  question.ts      |       0 |        0 |       0 |       0 |                   
-------------------|---------|----------|---------|---------|-------------------

Test Suites: 11 passed, 11 total
Tests:       93 passed, 93 total
Snapshots:   0 total
Time:        5.281 s
Ran all test suites.
